<?xml version="1.0" encoding="UTF-8"?>
<testng-results skipped="0" failed="0" total="1" passed="1">
  <reporter-output>
  </reporter-output>
  <suite name="Suite" duration-ms="35740" started-at="2019-04-22T10:20:10Z" finished-at="2019-04-22T10:20:46Z">
    <groups>
    </groups>
    <test name="Test" duration-ms="35740" started-at="2019-04-22T10:20:10Z" finished-at="2019-04-22T10:20:46Z">
      <class name="mavenproj.NewTest">
        <test-method status="PASS" signature="beforeTest()[pri:0, instance:mavenproj.NewTest@2c6a3f77]" name="beforeTest" is-config="true" duration-ms="4932" started-at="2019-04-22T15:50:10Z" finished-at="2019-04-22T15:50:15Z">
          <reporter-output>
          </reporter-output>
        </test-method> <!-- beforeTest -->
        <test-method status="PASS" signature="f()[pri:0, instance:mavenproj.NewTest@2c6a3f77]" name="f" duration-ms="28673" started-at="2019-04-22T15:50:15Z" finished-at="2019-04-22T15:50:44Z">
          <reporter-output>
          </reporter-output>
        </test-method> <!-- f -->
        <test-method status="PASS" signature="afterTest()[pri:0, instance:mavenproj.NewTest@2c6a3f77]" name="afterTest" is-config="true" duration-ms="2110" started-at="2019-04-22T15:50:44Z" finished-at="2019-04-22T15:50:46Z">
          <reporter-output>
          </reporter-output>
        </test-method> <!-- afterTest -->
      </class> <!-- mavenproj.NewTest -->
    </test> <!-- Test -->
  </suite> <!-- Suite -->
</testng-results>
