<?xml version="1.0" encoding="UTF-8"?>
<testng-results skipped="0" failed="0" total="1" passed="1">
  <reporter-output>
  </reporter-output>
  <suite name="Suite" duration-ms="50300" started-at="2019-04-22T10:13:36Z" finished-at="2019-04-22T10:14:26Z">
    <groups>
    </groups>
    <test name="Test" duration-ms="50300" started-at="2019-04-22T10:13:36Z" finished-at="2019-04-22T10:14:26Z">
      <class name="mavenproj.NewTest">
        <test-method status="PASS" signature="beforeTest()[pri:0, instance:mavenproj.NewTest@1753acfe]" name="beforeTest" is-config="true" duration-ms="8561" started-at="2019-04-22T15:43:36Z" finished-at="2019-04-22T15:43:44Z">
          <reporter-output>
          </reporter-output>
        </test-method> <!-- beforeTest -->
        <test-method status="PASS" signature="f()[pri:0, instance:mavenproj.NewTest@1753acfe]" name="f" duration-ms="39640" started-at="2019-04-22T15:43:44Z" finished-at="2019-04-22T15:44:24Z">
          <reporter-output>
          </reporter-output>
        </test-method> <!-- f -->
        <test-method status="PASS" signature="afterTest()[pri:0, instance:mavenproj.NewTest@1753acfe]" name="afterTest" is-config="true" duration-ms="2083" started-at="2019-04-22T15:44:24Z" finished-at="2019-04-22T15:44:26Z">
          <reporter-output>
          </reporter-output>
        </test-method> <!-- afterTest -->
      </class> <!-- mavenproj.NewTest -->
    </test> <!-- Test -->
  </suite> <!-- Suite -->
</testng-results>
